<?xml version="1.0" encoding="UTF-8"?>
<!-- Generated by org.testng.reporters.JUnitXMLReporter -->
<testsuite hostname="DESKTOP-KP769BJ" ignored="0" name="Test_Runner1" tests="3" failures="0" timestamp="2021-08-25T15:04:10 IST" time="97.725" errors="0">
  <testcase name="testCase30" time="29.258" classname="vTiger.Test_Scripts.VTiger_purchaseOrder_TC30"/>
  <testcase name="testCase31" time="19.209" classname="vTiger.Test_Scripts.VTiger_purchaseOrder_TC31"/>
  <testcase name="testCase33" time="19.846" classname="vTiger.Test_Scripts.VTiger_purchaseOrder_TC33"/>
</testsuite> <!-- Test_Runner1 -->
