<?xml version="1.0" encoding="UTF-8"?>
<!-- Generated by org.testng.reporters.JUnitXMLReporter -->
<testsuite hostname="DESKTOP-KP769BJ" ignored="0" name="Test" tests="5" failures="0" timestamp="2021-08-26T11:04:19 IST" time="134.808" errors="0">
  <testcase name="testCase30" time="23.821" classname="vTiger.Test_Scripts.VTiger_purchaseOrder_TC30"/>
  <testcase name="testCase31" time="16.004" classname="vTiger.Test_Scripts.VTiger_purchaseOrder_TC31"/>
  <testcase name="testCase32" time="20.166" classname="vTiger.Test_Scripts.VTiger_purchaseOrder_TC32"/>
  <testcase name="testCase33" time="18.402" classname="vTiger.Test_Scripts.VTiger_purchaseOrder_TC33"/>
  <testcase name="testCase34" time="17.622" classname="vTiger.Test_Scripts.VTiger_purchaseOrder_TC34"/>
</testsuite> <!-- Test -->
