<?xml version="1.0" encoding="UTF-8"?>
<testng-results skipped="0" failed="0" ignored="0" total="3" passed="3">
  <reporter-output>
  </reporter-output>
  <suite name="Suite" duration-ms="97725" started-at="2021-08-25T15:02:32 IST" finished-at="2021-08-25T15:04:10 IST">
    <groups>
    </groups>
    <test name="Test_Runner1" duration-ms="97725" started-at="2021-08-25T15:02:32 IST" finished-at="2021-08-25T15:04:10 IST">
      <class name="vTiger.Test_Scripts.VTiger_purchaseOrder_TC33">
        <test-method status="PASS" signature="setUp()[pri:0, instance:vTiger.Test_Scripts.VTiger_purchaseOrder_TC33@1786dec2]" name="setUp" is-config="true" duration-ms="6828" started-at="2021-08-25T15:03:41 IST" finished-at="2021-08-25T15:03:47 IST">
          <reporter-output>
          </reporter-output>
        </test-method> <!-- setUp -->
        <test-method status="PASS" signature="testCase33()[pri:0, instance:vTiger.Test_Scripts.VTiger_purchaseOrder_TC33@1786dec2]" name="testCase33" duration-ms="19846" started-at="2021-08-25T15:03:47 IST" finished-at="2021-08-25T15:04:07 IST">
          <reporter-output>
          </reporter-output>
        </test-method> <!-- testCase33 -->
        <test-method status="PASS" signature="tearDown(org.testng.ITestResult)[pri:0, instance:vTiger.Test_Scripts.VTiger_purchaseOrder_TC33@1786dec2]" name="tearDown" is-config="true" duration-ms="2566" started-at="2021-08-25T15:04:07 IST" finished-at="2021-08-25T15:04:10 IST">
          <params>
            <param index="0">
              <value>
                <![CDATA[[TestResult name=testCase33 status=SUCCESS method=VTiger_purchaseOrder_TC33.testCase33()[pri:0, instance:vTiger.Test_Scripts.VTiger_purchaseOrder_TC33@1786dec2] output={null}]]]>
              </value>
            </param>
          </params>
          <reporter-output>
          </reporter-output>
        </test-method> <!-- tearDown -->
      </class> <!-- vTiger.Test_Scripts.VTiger_purchaseOrder_TC33 -->
      <class name="vTiger.Test_Scripts.VTiger_purchaseOrder_TC30">
        <test-method status="PASS" signature="setUp()[pri:0, instance:vTiger.Test_Scripts.VTiger_purchaseOrder_TC30@63e2203c]" name="setUp" is-config="true" duration-ms="11527" started-at="2021-08-25T15:02:32 IST" finished-at="2021-08-25T15:02:44 IST">
          <reporter-output>
          </reporter-output>
        </test-method> <!-- setUp -->
        <test-method status="PASS" signature="testCase30()[pri:0, instance:vTiger.Test_Scripts.VTiger_purchaseOrder_TC30@63e2203c]" name="testCase30" duration-ms="29258" started-at="2021-08-25T15:02:44 IST" finished-at="2021-08-25T15:03:13 IST">
          <reporter-output>
          </reporter-output>
        </test-method> <!-- testCase30 -->
        <test-method status="PASS" signature="tearDown(org.testng.ITestResult)[pri:0, instance:vTiger.Test_Scripts.VTiger_purchaseOrder_TC30@63e2203c]" name="tearDown" is-config="true" duration-ms="1058" started-at="2021-08-25T15:03:13 IST" finished-at="2021-08-25T15:03:14 IST">
          <params>
            <param index="0">
              <value>
                <![CDATA[[TestResult name=testCase30 status=SUCCESS method=VTiger_purchaseOrder_TC30.testCase30()[pri:0, instance:vTiger.Test_Scripts.VTiger_purchaseOrder_TC30@63e2203c] output={null}]]]>
              </value>
            </param>
          </params>
          <reporter-output>
          </reporter-output>
        </test-method> <!-- tearDown -->
      </class> <!-- vTiger.Test_Scripts.VTiger_purchaseOrder_TC30 -->
      <class name="vTiger.Test_Scripts.VTiger_purchaseOrder_TC31">
        <test-method status="PASS" signature="setUp()[pri:0, instance:vTiger.Test_Scripts.VTiger_purchaseOrder_TC31@3b088d51]" name="setUp" is-config="true" duration-ms="6510" started-at="2021-08-25T15:03:14 IST" finished-at="2021-08-25T15:03:21 IST">
          <reporter-output>
          </reporter-output>
        </test-method> <!-- setUp -->
        <test-method status="PASS" signature="testCase31()[pri:0, instance:vTiger.Test_Scripts.VTiger_purchaseOrder_TC31@3b088d51]" name="testCase31" duration-ms="19209" started-at="2021-08-25T15:03:21 IST" finished-at="2021-08-25T15:03:40 IST">
          <reporter-output>
          </reporter-output>
        </test-method> <!-- testCase31 -->
        <test-method status="PASS" signature="tearDown(org.testng.ITestResult)[pri:0, instance:vTiger.Test_Scripts.VTiger_purchaseOrder_TC31@3b088d51]" name="tearDown" is-config="true" duration-ms="809" started-at="2021-08-25T15:03:40 IST" finished-at="2021-08-25T15:03:41 IST">
          <params>
            <param index="0">
              <value>
                <![CDATA[[TestResult name=testCase31 status=SUCCESS method=VTiger_purchaseOrder_TC31.testCase31()[pri:0, instance:vTiger.Test_Scripts.VTiger_purchaseOrder_TC31@3b088d51] output={null}]]]>
              </value>
            </param>
          </params>
          <reporter-output>
          </reporter-output>
        </test-method> <!-- tearDown -->
      </class> <!-- vTiger.Test_Scripts.VTiger_purchaseOrder_TC31 -->
    </test> <!-- Test_Runner1 -->
  </suite> <!-- Suite -->
</testng-results>
