<?xml version="1.0" encoding="UTF-8"?>
<testng-results skipped="0" failed="0" ignored="0" total="5" passed="5">
  <reporter-output>
  </reporter-output>
  <suite name="Suite" duration-ms="134808" started-at="2021-08-26T11:02:04 IST" finished-at="2021-08-26T11:04:19 IST">
    <groups>
    </groups>
    <test name="Test" duration-ms="134808" started-at="2021-08-26T11:02:04 IST" finished-at="2021-08-26T11:04:19 IST">
      <class name="vTiger.Test_Scripts.VTiger_purchaseOrder_TC34">
        <test-method status="PASS" signature="setUp(java.lang.String)[pri:0, instance:vTiger.Test_Scripts.VTiger_purchaseOrder_TC34@3712b94]" name="setUp" is-config="true" duration-ms="4464" started-at="2021-08-26T11:03:56 IST" finished-at="2021-08-26T11:04:01 IST">
          <params>
            <param index="0">
              <value>
                <![CDATA[Chrome]]>
              </value>
            </param>
          </params>
          <reporter-output>
          </reporter-output>
        </test-method> <!-- setUp -->
        <test-method status="PASS" signature="testCase34()[pri:0, instance:vTiger.Test_Scripts.VTiger_purchaseOrder_TC34@3712b94]" name="testCase34" duration-ms="17622" started-at="2021-08-26T11:04:01 IST" finished-at="2021-08-26T11:04:18 IST">
          <reporter-output>
          </reporter-output>
        </test-method> <!-- testCase34 -->
        <test-method status="PASS" signature="tearDown(org.testng.ITestResult)[pri:0, instance:vTiger.Test_Scripts.VTiger_purchaseOrder_TC34@3712b94]" name="tearDown" is-config="true" duration-ms="864" started-at="2021-08-26T11:04:18 IST" finished-at="2021-08-26T11:04:19 IST">
          <params>
            <param index="0">
              <value>
                <![CDATA[[TestResult name=testCase34 status=SUCCESS method=VTiger_purchaseOrder_TC34.testCase34()[pri:0, instance:vTiger.Test_Scripts.VTiger_purchaseOrder_TC34@3712b94] output={null}]]]>
              </value>
            </param>
          </params>
          <reporter-output>
          </reporter-output>
        </test-method> <!-- tearDown -->
      </class> <!-- vTiger.Test_Scripts.VTiger_purchaseOrder_TC34 -->
      <class name="vTiger.Test_Scripts.VTiger_purchaseOrder_TC32">
        <test-method status="PASS" signature="setUp(java.lang.String)[pri:0, instance:vTiger.Test_Scripts.VTiger_purchaseOrder_TC32@17579e0f]" name="setUp" is-config="true" duration-ms="4833" started-at="2021-08-26T11:03:06 IST" finished-at="2021-08-26T11:03:11 IST">
          <params>
            <param index="0">
              <value>
                <![CDATA[Chrome]]>
              </value>
            </param>
          </params>
          <reporter-output>
          </reporter-output>
        </test-method> <!-- setUp -->
        <test-method status="PASS" signature="testCase32()[pri:0, instance:vTiger.Test_Scripts.VTiger_purchaseOrder_TC32@17579e0f]" name="testCase32" duration-ms="20166" started-at="2021-08-26T11:03:11 IST" finished-at="2021-08-26T11:03:31 IST">
          <reporter-output>
          </reporter-output>
        </test-method> <!-- testCase32 -->
        <test-method status="PASS" signature="tearDown(org.testng.ITestResult)[pri:0, instance:vTiger.Test_Scripts.VTiger_purchaseOrder_TC32@17579e0f]" name="tearDown" is-config="true" duration-ms="767" started-at="2021-08-26T11:03:31 IST" finished-at="2021-08-26T11:03:31 IST">
          <params>
            <param index="0">
              <value>
                <![CDATA[[TestResult name=testCase32 status=SUCCESS method=VTiger_purchaseOrder_TC32.testCase32()[pri:0, instance:vTiger.Test_Scripts.VTiger_purchaseOrder_TC32@17579e0f] output={null}]]]>
              </value>
            </param>
          </params>
          <reporter-output>
          </reporter-output>
        </test-method> <!-- tearDown -->
      </class> <!-- vTiger.Test_Scripts.VTiger_purchaseOrder_TC32 -->
      <class name="vTiger.Test_Scripts.VTiger_purchaseOrder_TC33">
        <test-method status="PASS" signature="setUp(java.lang.String)[pri:0, instance:vTiger.Test_Scripts.VTiger_purchaseOrder_TC33@4d41cee]" name="setUp" is-config="true" duration-ms="5481" started-at="2021-08-26T11:03:31 IST" finished-at="2021-08-26T11:03:37 IST">
          <params>
            <param index="0">
              <value>
                <![CDATA[Chrome]]>
              </value>
            </param>
          </params>
          <reporter-output>
          </reporter-output>
        </test-method> <!-- setUp -->
        <test-method status="PASS" signature="testCase33()[pri:0, instance:vTiger.Test_Scripts.VTiger_purchaseOrder_TC33@4d41cee]" name="testCase33" duration-ms="18402" started-at="2021-08-26T11:03:37 IST" finished-at="2021-08-26T11:03:55 IST">
          <reporter-output>
          </reporter-output>
        </test-method> <!-- testCase33 -->
        <test-method status="PASS" signature="tearDown(org.testng.ITestResult)[pri:0, instance:vTiger.Test_Scripts.VTiger_purchaseOrder_TC33@4d41cee]" name="tearDown" is-config="true" duration-ms="764" started-at="2021-08-26T11:03:55 IST" finished-at="2021-08-26T11:03:56 IST">
          <params>
            <param index="0">
              <value>
                <![CDATA[[TestResult name=testCase33 status=SUCCESS method=VTiger_purchaseOrder_TC33.testCase33()[pri:0, instance:vTiger.Test_Scripts.VTiger_purchaseOrder_TC33@4d41cee] output={null}]]]>
              </value>
            </param>
          </params>
          <reporter-output>
          </reporter-output>
        </test-method> <!-- tearDown -->
      </class> <!-- vTiger.Test_Scripts.VTiger_purchaseOrder_TC33 -->
      <class name="vTiger.Test_Scripts.VTiger_purchaseOrder_TC30">
        <test-method status="PASS" signature="setUp(java.lang.String)[pri:0, instance:vTiger.Test_Scripts.VTiger_purchaseOrder_TC30@68bbe345]" name="setUp" is-config="true" duration-ms="13220" started-at="2021-08-26T11:02:04 IST" finished-at="2021-08-26T11:02:18 IST">
          <params>
            <param index="0">
              <value>
                <![CDATA[Chrome]]>
              </value>
            </param>
          </params>
          <reporter-output>
          </reporter-output>
        </test-method> <!-- setUp -->
        <test-method status="PASS" signature="testCase30()[pri:0, instance:vTiger.Test_Scripts.VTiger_purchaseOrder_TC30@68bbe345]" name="testCase30" duration-ms="23821" started-at="2021-08-26T11:02:18 IST" finished-at="2021-08-26T11:02:41 IST">
          <reporter-output>
          </reporter-output>
        </test-method> <!-- testCase30 -->
        <test-method status="PASS" signature="tearDown(org.testng.ITestResult)[pri:0, instance:vTiger.Test_Scripts.VTiger_purchaseOrder_TC30@68bbe345]" name="tearDown" is-config="true" duration-ms="1139" started-at="2021-08-26T11:02:41 IST" finished-at="2021-08-26T11:02:43 IST">
          <params>
            <param index="0">
              <value>
                <![CDATA[[TestResult name=testCase30 status=SUCCESS method=VTiger_purchaseOrder_TC30.testCase30()[pri:0, instance:vTiger.Test_Scripts.VTiger_purchaseOrder_TC30@68bbe345] output={null}]]]>
              </value>
            </param>
          </params>
          <reporter-output>
          </reporter-output>
        </test-method> <!-- tearDown -->
      </class> <!-- vTiger.Test_Scripts.VTiger_purchaseOrder_TC30 -->
      <class name="vTiger.Test_Scripts.VTiger_purchaseOrder_TC31">
        <test-method status="PASS" signature="setUp(java.lang.String)[pri:0, instance:vTiger.Test_Scripts.VTiger_purchaseOrder_TC31@4b1c1ea0]" name="setUp" is-config="true" duration-ms="6276" started-at="2021-08-26T11:02:43 IST" finished-at="2021-08-26T11:02:49 IST">
          <params>
            <param index="0">
              <value>
                <![CDATA[Chrome]]>
              </value>
            </param>
          </params>
          <reporter-output>
          </reporter-output>
        </test-method> <!-- setUp -->
        <test-method status="PASS" signature="testCase31()[pri:0, instance:vTiger.Test_Scripts.VTiger_purchaseOrder_TC31@4b1c1ea0]" name="testCase31" duration-ms="16004" started-at="2021-08-26T11:02:49 IST" finished-at="2021-08-26T11:03:05 IST">
          <reporter-output>
          </reporter-output>
        </test-method> <!-- testCase31 -->
        <test-method status="PASS" signature="tearDown(org.testng.ITestResult)[pri:0, instance:vTiger.Test_Scripts.VTiger_purchaseOrder_TC31@4b1c1ea0]" name="tearDown" is-config="true" duration-ms="867" started-at="2021-08-26T11:03:05 IST" finished-at="2021-08-26T11:03:06 IST">
          <params>
            <param index="0">
              <value>
                <![CDATA[[TestResult name=testCase31 status=SUCCESS method=VTiger_purchaseOrder_TC31.testCase31()[pri:0, instance:vTiger.Test_Scripts.VTiger_purchaseOrder_TC31@4b1c1ea0] output={null}]]]>
              </value>
            </param>
          </params>
          <reporter-output>
          </reporter-output>
        </test-method> <!-- tearDown -->
      </class> <!-- vTiger.Test_Scripts.VTiger_purchaseOrder_TC31 -->
    </test> <!-- Test -->
  </suite> <!-- Suite -->
</testng-results>
