<?xml version="1.0" encoding="UTF-8"?>
<testng-results ignored="0" total="1" passed="1" failed="0" skipped="0">
  <reporter-output>
  </reporter-output>
  <suite started-at="2021-08-26T10:56:52 IST" name="Default suite" finished-at="2021-08-26T10:57:16 IST" duration-ms="24314">
    <groups>
    </groups>
    <test started-at="2021-08-26T10:56:52 IST" name="Default test" finished-at="2021-08-26T10:57:16 IST" duration-ms="24314">
      <class name="vTiger.Test_Scripts.VTiger_purchaseOrder_TC32">
        <test-method is-config="true" signature="setUp()[pri:0, instance:vTiger.Test_Scripts.VTiger_purchaseOrder_TC32@70e8f8e]" started-at="2021-08-26T10:56:52 IST" name="setUp" finished-at="2021-08-26T10:56:58 IST" duration-ms="5831" status="PASS">
          <reporter-output>
          </reporter-output>
        </test-method> <!-- setUp -->
        <test-method signature="testCase32()[pri:0, instance:vTiger.Test_Scripts.VTiger_purchaseOrder_TC32@70e8f8e]" started-at="2021-08-26T10:56:58 IST" name="testCase32" finished-at="2021-08-26T10:57:15 IST" duration-ms="17466" status="PASS">
          <reporter-output>
          </reporter-output>
        </test-method> <!-- testCase32 -->
        <test-method is-config="true" signature="tearDown(org.testng.ITestResult)[pri:0, instance:vTiger.Test_Scripts.VTiger_purchaseOrder_TC32@70e8f8e]" started-at="2021-08-26T10:57:16 IST" name="tearDown" finished-at="2021-08-26T10:57:16 IST" duration-ms="927" status="PASS">
          <params>
            <param index="0">
              <value>
                <![CDATA[[TestResult name=testCase32 status=SUCCESS method=VTiger_purchaseOrder_TC32.testCase32()[pri:0, instance:vTiger.Test_Scripts.VTiger_purchaseOrder_TC32@70e8f8e] output={null}]]]>
              </value>
            </param>
          </params>
          <reporter-output>
          </reporter-output>
        </test-method> <!-- tearDown -->
      </class> <!-- vTiger.Test_Scripts.VTiger_purchaseOrder_TC32 -->
    </test> <!-- Default test -->
  </suite> <!-- Default suite -->
</testng-results>
